#! /usr/local/iverilog/bin/vvp
:ivl_version "11.0 (devel)" "(s20150603-642-g3bdb50da)";
:ivl_delay_selection "TYPICAL";
:vpi_time_precision + 0;
:vpi_module "system";
:vpi_module "vhdl_sys";
:vpi_module "vhdl_textio";
:vpi_module "v2005_math";
:vpi_module "va_math";
S_00000000010e50a0 .scope module, "sig_control" "sig_control" 2 6;
 .timescale 0 0;
    .port_info 0 /OUTPUT 2 "hwy";
    .port_info 1 /OUTPUT 2 "cntry";
    .port_info 2 /INPUT 1 "x";
    .port_info 3 /INPUT 1 "clk";
    .port_info 4 /INPUT 1 "clear";
P_00000000008a6940 .param/l "GREEN" 0 2 13, C4<10>;
P_00000000008a6978 .param/l "RED" 0 2 11, C4<00>;
P_00000000008a69b0 .param/l "S0" 0 2 15, C4<000>;
P_00000000008a69e8 .param/l "S1" 0 2 16, C4<001>;
P_00000000008a6a20 .param/l "S2" 0 2 17, C4<010>;
P_00000000008a6a58 .param/l "S3" 0 2 18, C4<011>;
P_00000000008a6a90 .param/l "S4" 0 2 19, C4<100>;
P_00000000008a6ac8 .param/l "YELLOW" 0 2 12, C4<01>;
o00000000010e8fd8 .functor BUFZ 1, C4<z>; HiZ drive
v00000000008aa970_0 .net "clear", 0 0, o00000000010e8fd8;  0 drivers
o00000000010e9008 .functor BUFZ 1, C4<z>; HiZ drive
v00000000008aaaa0_0 .net "clk", 0 0, o00000000010e9008;  0 drivers
v00000000010e4be0_0 .var "cntry", 1 0;
v00000000010e5230_0 .var "hwy", 1 0;
v00000000010e52d0_0 .var "next_state", 2 0;
v00000000010e2ba0_0 .var "state", 2 0;
o00000000010e90f8 .functor BUFZ 1, C4<z>; HiZ drive
v00000000010e3820_0 .net "x", 0 0, o00000000010e90f8;  0 drivers
E_00000000008a85a0 .event edge, v00000000010e2ba0_0;
E_00000000008a7f20 .event edge, v00000000010e3820_0, v00000000010e2ba0_0;
E_00000000008a7b60 .event posedge, v00000000008aaaa0_0;
    .scope S_00000000010e50a0;
T_0 ;
    %wait E_00000000008a7b60;
    %load/vec4 v00000000008aa970_0;
    %flag_set/vec4 8;
    %jmp/0xz  T_0.0, 8;
    %pushi/vec4 0, 0, 3;
    %assign/vec4 v00000000010e2ba0_0, 0;
    %jmp T_0.1;
T_0.0 ;
    %load/vec4 v00000000010e52d0_0;
    %assign/vec4 v00000000010e2ba0_0, 0;
T_0.1 ;
    %jmp T_0;
    .thread T_0;
    .scope S_00000000010e50a0;
T_1 ;
    %wait E_00000000008a7f20;
    %load/vec4 v00000000010e2ba0_0;
    %dup/vec4;
    %pushi/vec4 0, 0, 3;
    %cmp/u;
    %jmp/1 T_1.0, 6;
    %dup/vec4;
    %pushi/vec4 1, 0, 3;
    %cmp/u;
    %jmp/1 T_1.1, 6;
    %dup/vec4;
    %pushi/vec4 2, 0, 3;
    %cmp/u;
    %jmp/1 T_1.2, 6;
    %dup/vec4;
    %pushi/vec4 3, 0, 3;
    %cmp/u;
    %jmp/1 T_1.3, 6;
    %dup/vec4;
    %pushi/vec4 4, 0, 3;
    %cmp/u;
    %jmp/1 T_1.4, 6;
    %pushi/vec4 0, 0, 3;
    %assign/vec4 v00000000010e52d0_0, 0;
    %jmp T_1.6;
T_1.0 ;
    %load/vec4 v00000000010e3820_0;
    %flag_set/vec4 8;
    %jmp/0 T_1.7, 8;
    %pushi/vec4 1, 0, 3;
    %jmp/1 T_1.8, 8;
T_1.7 ; End of true expr.
    %pushi/vec4 0, 0, 3;
    %jmp/0 T_1.8, 8;
 ; End of false expr.
    %blend;
T_1.8;
    %assign/vec4 v00000000010e52d0_0, 0;
    %jmp T_1.6;
T_1.1 ;
    %pushi/vec4 3, 0, 32;
T_1.9 %dup/vec4;
    %pushi/vec4 0, 0, 32;
    %cmp/s;
    %jmp/1xz T_1.10, 5;
    %jmp/1 T_1.10, 4;
    %pushi/vec4 1, 0, 32;
    %sub;
    %wait E_00000000008a7b60;
    %jmp T_1.9;
T_1.10 ;
    %pop/vec4 1;
    %pushi/vec4 2, 0, 3;
    %assign/vec4 v00000000010e52d0_0, 0;
    %jmp T_1.6;
T_1.2 ;
    %pushi/vec4 2, 0, 32;
T_1.11 %dup/vec4;
    %pushi/vec4 0, 0, 32;
    %cmp/s;
    %jmp/1xz T_1.12, 5;
    %jmp/1 T_1.12, 4;
    %pushi/vec4 1, 0, 32;
    %sub;
    %wait E_00000000008a7b60;
    %jmp T_1.11;
T_1.12 ;
    %pop/vec4 1;
    %pushi/vec4 3, 0, 3;
    %assign/vec4 v00000000010e52d0_0, 0;
    %jmp T_1.6;
T_1.3 ;
    %load/vec4 v00000000010e3820_0;
    %flag_set/vec4 8;
    %jmp/0 T_1.13, 8;
    %pushi/vec4 3, 0, 3;
    %jmp/1 T_1.14, 8;
T_1.13 ; End of true expr.
    %pushi/vec4 4, 0, 3;
    %jmp/0 T_1.14, 8;
 ; End of false expr.
    %blend;
T_1.14;
    %assign/vec4 v00000000010e52d0_0, 0;
    %jmp T_1.6;
T_1.4 ;
    %pushi/vec4 3, 0, 32;
T_1.15 %dup/vec4;
    %pushi/vec4 0, 0, 32;
    %cmp/s;
    %jmp/1xz T_1.16, 5;
    %jmp/1 T_1.16, 4;
    %pushi/vec4 1, 0, 32;
    %sub;
    %wait E_00000000008a7b60;
    %jmp T_1.15;
T_1.16 ;
    %pop/vec4 1;
    %pushi/vec4 0, 0, 3;
    %assign/vec4 v00000000010e52d0_0, 0;
    %jmp T_1.6;
T_1.6 ;
    %pop/vec4 1;
    %jmp T_1;
    .thread T_1, $push;
    .scope S_00000000010e50a0;
T_2 ;
    %wait E_00000000008a85a0;
    %load/vec4 v00000000010e2ba0_0;
    %dup/vec4;
    %pushi/vec4 0, 0, 3;
    %cmp/u;
    %jmp/1 T_2.0, 6;
    %dup/vec4;
    %pushi/vec4 1, 0, 3;
    %cmp/u;
    %jmp/1 T_2.1, 6;
    %dup/vec4;
    %pushi/vec4 2, 0, 3;
    %cmp/u;
    %jmp/1 T_2.2, 6;
    %dup/vec4;
    %pushi/vec4 3, 0, 3;
    %cmp/u;
    %jmp/1 T_2.3, 6;
    %dup/vec4;
    %pushi/vec4 4, 0, 3;
    %cmp/u;
    %jmp/1 T_2.4, 6;
    %pushi/vec4 8, 0, 4;
    %split/vec4 2;
    %store/vec4 v00000000010e4be0_0, 0, 2;
    %store/vec4 v00000000010e5230_0, 0, 2;
    %jmp T_2.6;
T_2.0 ;
    %pushi/vec4 8, 0, 4;
    %split/vec4 2;
    %store/vec4 v00000000010e4be0_0, 0, 2;
    %store/vec4 v00000000010e5230_0, 0, 2;
    %jmp T_2.6;
T_2.1 ;
    %pushi/vec4 4, 0, 4;
    %split/vec4 2;
    %store/vec4 v00000000010e4be0_0, 0, 2;
    %store/vec4 v00000000010e5230_0, 0, 2;
    %jmp T_2.6;
T_2.2 ;
    %pushi/vec4 0, 0, 4;
    %split/vec4 2;
    %store/vec4 v00000000010e4be0_0, 0, 2;
    %store/vec4 v00000000010e5230_0, 0, 2;
    %jmp T_2.6;
T_2.3 ;
    %pushi/vec4 2, 0, 4;
    %split/vec4 2;
    %store/vec4 v00000000010e4be0_0, 0, 2;
    %store/vec4 v00000000010e5230_0, 0, 2;
    %jmp T_2.6;
T_2.4 ;
    %pushi/vec4 1, 0, 4;
    %split/vec4 2;
    %store/vec4 v00000000010e4be0_0, 0, 2;
    %store/vec4 v00000000010e5230_0, 0, 2;
    %jmp T_2.6;
T_2.6 ;
    %pop/vec4 1;
    %jmp T_2;
    .thread T_2, $push;
# The file index is used to find the file name in the following table.
:file_names 3;
    "N/A";
    "<interactive>";
    "sig_control.v";
