#! /usr/local/iverilog/bin/vvp
:ivl_version "11.0 (devel)" "(s20150603-642-g3bdb50da)";
:ivl_delay_selection "TYPICAL";
:vpi_time_precision - 12;
:vpi_module "system";
:vpi_module "vhdl_sys";
:vpi_module "vhdl_textio";
:vpi_module "v2005_math";
:vpi_module "va_math";
S_000000000094ec40 .scope module, "sig_control_tb" "sig_control_tb" 2 4;
 .timescale -9 -12;
v0000000000865f30_0 .var "clear", 0 0;
v0000000000865c10_0 .var "clk", 0 0;
v0000000000865cb0_0 .net "cntry", 1 0, v0000000000865530_0;  1 drivers
v0000000000865d50_0 .net "hwy", 1 0, v0000000000865a30_0;  1 drivers
v0000000000865ad0_0 .var "x", 0 0;
E_00000000008673f0 .event negedge, v0000000000865990_0;
S_000000000094edd0 .scope module, "s1" "sig_control" 2 11, 3 6 0, S_000000000094ec40;
 .timescale -9 -12;
    .port_info 0 /OUTPUT 2 "hwy";
    .port_info 1 /OUTPUT 2 "cntry";
    .port_info 2 /INPUT 1 "x";
    .port_info 3 /INPUT 1 "clk";
    .port_info 4 /INPUT 1 "clear";
P_0000000000878250 .param/l "GREEN" 0 3 13, C4<10>;
P_0000000000878288 .param/l "RED" 0 3 11, C4<00>;
P_00000000008782c0 .param/l "S0" 0 3 15, C4<000>;
P_00000000008782f8 .param/l "S1" 0 3 16, C4<001>;
P_0000000000878330 .param/l "S2" 0 3 17, C4<010>;
P_0000000000878368 .param/l "S3" 0 3 18, C4<011>;
P_00000000008783a0 .param/l "S4" 0 3 19, C4<100>;
P_00000000008783d8 .param/l "YELLOW" 0 3 12, C4<01>;
v00000000008658f0_0 .net "clear", 0 0, v0000000000865f30_0;  1 drivers
v0000000000865990_0 .net "clk", 0 0, v0000000000865c10_0;  1 drivers
v0000000000865530_0 .var "cntry", 1 0;
v0000000000865a30_0 .var "hwy", 1 0;
v00000000008661b0_0 .var "next_state", 2 0;
v00000000008653f0_0 .var "state", 2 0;
v0000000000866070_0 .net "x", 0 0, v0000000000865ad0_0;  1 drivers
E_0000000000867470 .event edge, v00000000008653f0_0;
E_0000000000866f30 .event edge, v0000000000866070_0, v00000000008653f0_0;
E_0000000000867130 .event posedge, v0000000000865990_0;
    .scope S_000000000094edd0;
T_0 ;
    %wait E_0000000000867130;
    %load/vec4 v00000000008658f0_0;
    %flag_set/vec4 8;
    %jmp/0xz  T_0.0, 8;
    %pushi/vec4 0, 0, 3;
    %assign/vec4 v00000000008653f0_0, 0;
    %jmp T_0.1;
T_0.0 ;
    %load/vec4 v00000000008661b0_0;
    %assign/vec4 v00000000008653f0_0, 0;
T_0.1 ;
    %jmp T_0;
    .thread T_0;
    .scope S_000000000094edd0;
T_1 ;
    %wait E_0000000000866f30;
    %load/vec4 v00000000008653f0_0;
    %dup/vec4;
    %pushi/vec4 0, 0, 3;
    %cmp/u;
    %jmp/1 T_1.0, 6;
    %dup/vec4;
    %pushi/vec4 1, 0, 3;
    %cmp/u;
    %jmp/1 T_1.1, 6;
    %dup/vec4;
    %pushi/vec4 2, 0, 3;
    %cmp/u;
    %jmp/1 T_1.2, 6;
    %dup/vec4;
    %pushi/vec4 3, 0, 3;
    %cmp/u;
    %jmp/1 T_1.3, 6;
    %dup/vec4;
    %pushi/vec4 4, 0, 3;
    %cmp/u;
    %jmp/1 T_1.4, 6;
    %pushi/vec4 0, 0, 3;
    %assign/vec4 v00000000008661b0_0, 0;
    %jmp T_1.6;
T_1.0 ;
    %load/vec4 v0000000000866070_0;
    %flag_set/vec4 8;
    %jmp/0 T_1.7, 8;
    %pushi/vec4 1, 0, 3;
    %jmp/1 T_1.8, 8;
T_1.7 ; End of true expr.
    %pushi/vec4 0, 0, 3;
    %jmp/0 T_1.8, 8;
 ; End of false expr.
    %blend;
T_1.8;
    %assign/vec4 v00000000008661b0_0, 0;
    %jmp T_1.6;
T_1.1 ;
    %pushi/vec4 3, 0, 32;
T_1.9 %dup/vec4;
    %pushi/vec4 0, 0, 32;
    %cmp/s;
    %jmp/1xz T_1.10, 5;
    %jmp/1 T_1.10, 4;
    %pushi/vec4 1, 0, 32;
    %sub;
    %wait E_0000000000867130;
    %jmp T_1.9;
T_1.10 ;
    %pop/vec4 1;
    %pushi/vec4 2, 0, 3;
    %assign/vec4 v00000000008661b0_0, 0;
    %jmp T_1.6;
T_1.2 ;
    %pushi/vec4 2, 0, 32;
T_1.11 %dup/vec4;
    %pushi/vec4 0, 0, 32;
    %cmp/s;
    %jmp/1xz T_1.12, 5;
    %jmp/1 T_1.12, 4;
    %pushi/vec4 1, 0, 32;
    %sub;
    %wait E_0000000000867130;
    %jmp T_1.11;
T_1.12 ;
    %pop/vec4 1;
    %pushi/vec4 3, 0, 3;
    %assign/vec4 v00000000008661b0_0, 0;
    %jmp T_1.6;
T_1.3 ;
    %load/vec4 v0000000000866070_0;
    %flag_set/vec4 8;
    %jmp/0 T_1.13, 8;
    %pushi/vec4 3, 0, 3;
    %jmp/1 T_1.14, 8;
T_1.13 ; End of true expr.
    %pushi/vec4 4, 0, 3;
    %jmp/0 T_1.14, 8;
 ; End of false expr.
    %blend;
T_1.14;
    %assign/vec4 v00000000008661b0_0, 0;
    %jmp T_1.6;
T_1.4 ;
    %pushi/vec4 3, 0, 32;
T_1.15 %dup/vec4;
    %pushi/vec4 0, 0, 32;
    %cmp/s;
    %jmp/1xz T_1.16, 5;
    %jmp/1 T_1.16, 4;
    %pushi/vec4 1, 0, 32;
    %sub;
    %wait E_0000000000867130;
    %jmp T_1.15;
T_1.16 ;
    %pop/vec4 1;
    %pushi/vec4 0, 0, 3;
    %assign/vec4 v00000000008661b0_0, 0;
    %jmp T_1.6;
T_1.6 ;
    %pop/vec4 1;
    %jmp T_1;
    .thread T_1, $push;
    .scope S_000000000094edd0;
T_2 ;
    %wait E_0000000000867470;
    %load/vec4 v00000000008653f0_0;
    %dup/vec4;
    %pushi/vec4 0, 0, 3;
    %cmp/u;
    %jmp/1 T_2.0, 6;
    %dup/vec4;
    %pushi/vec4 1, 0, 3;
    %cmp/u;
    %jmp/1 T_2.1, 6;
    %dup/vec4;
    %pushi/vec4 2, 0, 3;
    %cmp/u;
    %jmp/1 T_2.2, 6;
    %dup/vec4;
    %pushi/vec4 3, 0, 3;
    %cmp/u;
    %jmp/1 T_2.3, 6;
    %dup/vec4;
    %pushi/vec4 4, 0, 3;
    %cmp/u;
    %jmp/1 T_2.4, 6;
    %pushi/vec4 8, 0, 4;
    %split/vec4 2;
    %store/vec4 v0000000000865530_0, 0, 2;
    %store/vec4 v0000000000865a30_0, 0, 2;
    %jmp T_2.6;
T_2.0 ;
    %pushi/vec4 8, 0, 4;
    %split/vec4 2;
    %store/vec4 v0000000000865530_0, 0, 2;
    %store/vec4 v0000000000865a30_0, 0, 2;
    %jmp T_2.6;
T_2.1 ;
    %pushi/vec4 4, 0, 4;
    %split/vec4 2;
    %store/vec4 v0000000000865530_0, 0, 2;
    %store/vec4 v0000000000865a30_0, 0, 2;
    %jmp T_2.6;
T_2.2 ;
    %pushi/vec4 0, 0, 4;
    %split/vec4 2;
    %store/vec4 v0000000000865530_0, 0, 2;
    %store/vec4 v0000000000865a30_0, 0, 2;
    %jmp T_2.6;
T_2.3 ;
    %pushi/vec4 2, 0, 4;
    %split/vec4 2;
    %store/vec4 v0000000000865530_0, 0, 2;
    %store/vec4 v0000000000865a30_0, 0, 2;
    %jmp T_2.6;
T_2.4 ;
    %pushi/vec4 1, 0, 4;
    %split/vec4 2;
    %store/vec4 v0000000000865530_0, 0, 2;
    %store/vec4 v0000000000865a30_0, 0, 2;
    %jmp T_2.6;
T_2.6 ;
    %pop/vec4 1;
    %jmp T_2;
    .thread T_2, $push;
    .scope S_000000000094ec40;
T_3 ;
    %pushi/vec4 0, 0, 1;
    %store/vec4 v0000000000865c10_0, 0, 1;
T_3.0 ;
    %delay 5000, 0;
    %load/vec4 v0000000000865c10_0;
    %inv;
    %store/vec4 v0000000000865c10_0, 0, 1;
    %jmp T_3.0;
    %end;
    .thread T_3;
    .scope S_000000000094ec40;
T_4 ;
    %vpi_call 2 19 "$dumpfile", "sig_control_tb.vcd" {0 0 0};
    %vpi_call 2 20 "$dumpvars", 32'sb00000000000000000000000000000000, S_000000000094ec40 {0 0 0};
    %end;
    .thread T_4;
    .scope S_000000000094ec40;
T_5 ;
    %pushi/vec4 1, 0, 1;
    %store/vec4 v0000000000865f30_0, 0, 1;
    %pushi/vec4 5, 0, 32;
T_5.0 %dup/vec4;
    %pushi/vec4 0, 0, 32;
    %cmp/s;
    %jmp/1xz T_5.1, 5;
    %jmp/1 T_5.1, 4;
    %pushi/vec4 1, 0, 32;
    %sub;
    %wait E_00000000008673f0;
    %jmp T_5.0;
T_5.1 ;
    %pop/vec4 1;
    %pushi/vec4 0, 0, 1;
    %store/vec4 v0000000000865f30_0, 0, 1;
    %end;
    .thread T_5;
    .scope S_000000000094ec40;
T_6 ;
    %pushi/vec4 0, 0, 1;
    %store/vec4 v0000000000865ad0_0, 0, 1;
    %pushi/vec4 20, 0, 32;
T_6.0 %dup/vec4;
    %pushi/vec4 0, 0, 32;
    %cmp/s;
    %jmp/1xz T_6.1, 5;
    %jmp/1 T_6.1, 4;
    %pushi/vec4 1, 0, 32;
    %sub;
    %wait E_00000000008673f0;
    %jmp T_6.0;
T_6.1 ;
    %pop/vec4 1;
    %pushi/vec4 1, 0, 1;
    %store/vec4 v0000000000865ad0_0, 0, 1;
    %pushi/vec4 10, 0, 32;
T_6.2 %dup/vec4;
    %pushi/vec4 0, 0, 32;
    %cmp/s;
    %jmp/1xz T_6.3, 5;
    %jmp/1 T_6.3, 4;
    %pushi/vec4 1, 0, 32;
    %sub;
    %wait E_00000000008673f0;
    %jmp T_6.2;
T_6.3 ;
    %pop/vec4 1;
    %pushi/vec4 0, 0, 1;
    %store/vec4 v0000000000865ad0_0, 0, 1;
    %pushi/vec4 20, 0, 32;
T_6.4 %dup/vec4;
    %pushi/vec4 0, 0, 32;
    %cmp/s;
    %jmp/1xz T_6.5, 5;
    %jmp/1 T_6.5, 4;
    %pushi/vec4 1, 0, 32;
    %sub;
    %wait E_00000000008673f0;
    %jmp T_6.4;
T_6.5 ;
    %pop/vec4 1;
    %pushi/vec4 1, 0, 1;
    %store/vec4 v0000000000865ad0_0, 0, 1;
    %pushi/vec4 10, 0, 32;
T_6.6 %dup/vec4;
    %pushi/vec4 0, 0, 32;
    %cmp/s;
    %jmp/1xz T_6.7, 5;
    %jmp/1 T_6.7, 4;
    %pushi/vec4 1, 0, 32;
    %sub;
    %wait E_00000000008673f0;
    %jmp T_6.6;
T_6.7 ;
    %pop/vec4 1;
    %pushi/vec4 0, 0, 1;
    %store/vec4 v0000000000865ad0_0, 0, 1;
    %pushi/vec4 20, 0, 32;
T_6.8 %dup/vec4;
    %pushi/vec4 0, 0, 32;
    %cmp/s;
    %jmp/1xz T_6.9, 5;
    %jmp/1 T_6.9, 4;
    %pushi/vec4 1, 0, 32;
    %sub;
    %wait E_00000000008673f0;
    %jmp T_6.8;
T_6.9 ;
    %pop/vec4 1;
    %pushi/vec4 1, 0, 1;
    %store/vec4 v0000000000865ad0_0, 0, 1;
    %pushi/vec4 10, 0, 32;
T_6.10 %dup/vec4;
    %pushi/vec4 0, 0, 32;
    %cmp/s;
    %jmp/1xz T_6.11, 5;
    %jmp/1 T_6.11, 4;
    %pushi/vec4 1, 0, 32;
    %sub;
    %wait E_00000000008673f0;
    %jmp T_6.10;
T_6.11 ;
    %pop/vec4 1;
    %pushi/vec4 0, 0, 1;
    %store/vec4 v0000000000865ad0_0, 0, 1;
    %pushi/vec4 10, 0, 32;
T_6.12 %dup/vec4;
    %pushi/vec4 0, 0, 32;
    %cmp/s;
    %jmp/1xz T_6.13, 5;
    %jmp/1 T_6.13, 4;
    %pushi/vec4 1, 0, 32;
    %sub;
    %wait E_00000000008673f0;
    %jmp T_6.12;
T_6.13 ;
    %pop/vec4 1;
    %vpi_call 2 40 "$finish" {0 0 0};
    %end;
    .thread T_6;
# The file index is used to find the file name in the following table.
:file_names 4;
    "N/A";
    "<interactive>";
    "sig_control_tb.v";
    "./sig_control.v";
